Determining if the pthread_create exist failed with the following output:
Change Dir: /home/abu/hrwros_ws/build/week4_moveit_config/CMakeFiles/CMakeTmp

Run Build Command:"/usr/bin/make" "cmTC_587dd/fast"
/usr/bin/make -f CMakeFiles/cmTC_587dd.dir/build.make CMakeFiles/cmTC_587dd.dir/build
make[1]: Entering directory '/home/abu/hrwros_ws/build/week4_moveit_config/CMakeFiles/CMakeTmp'
Building C object CMakeFiles/cmTC_587dd.dir/CheckSymbolExists.c.o
/usr/bin/cc    -o CMakeFiles/cmTC_587dd.dir/CheckSymbolExists.c.o   -c /home/abu/hrwros_ws/build/week4_moveit_config/CMakeFiles/CMakeTmp/CheckSymbolExists.c
Linking C executable cmTC_587dd
/usr/bin/cmake -E cmake_link_script CMakeFiles/cmTC_587dd.dir/link.txt --verbose=1
/usr/bin/cc      -rdynamic CMakeFiles/cmTC_587dd.dir/CheckSymbolExists.c.o  -o cmTC_587dd 
CMakeFiles/cmTC_587dd.dir/CheckSymbolExists.c.o: In function `main':
CheckSymbolExists.c:(.text+0x1b): undefined reference to `pthread_create'
collect2: error: ld returned 1 exit status
CMakeFiles/cmTC_587dd.dir/build.make:97: recipe for target 'cmTC_587dd' failed
make[1]: *** [cmTC_587dd] Error 1
make[1]: Leaving directory '/home/abu/hrwros_ws/build/week4_moveit_config/CMakeFiles/CMakeTmp'
Makefile:126: recipe for target 'cmTC_587dd/fast' failed
make: *** [cmTC_587dd/fast] Error 2

File /home/abu/hrwros_ws/build/week4_moveit_config/CMakeFiles/CMakeTmp/CheckSymbolExists.c:
/* */
#include <pthread.h>

int main(int argc, char** argv)
{
  (void)argv;
#ifndef pthread_create
  return ((int*)(&pthread_create))[argc];
#else
  (void)argc;
  return 0;
#endif
}

Determining if the function pthread_create exists in the pthreads failed with the following output:
Change Dir: /home/abu/hrwros_ws/build/week4_moveit_config/CMakeFiles/CMakeTmp

Run Build Command:"/usr/bin/make" "cmTC_31b53/fast"
/usr/bin/make -f CMakeFiles/cmTC_31b53.dir/build.make CMakeFiles/cmTC_31b53.dir/build
make[1]: Entering directory '/home/abu/hrwros_ws/build/week4_moveit_config/CMakeFiles/CMakeTmp'
Building C object CMakeFiles/cmTC_31b53.dir/CheckFunctionExists.c.o
/usr/bin/cc   -DCHECK_FUNCTION_EXISTS=pthread_create   -o CMakeFiles/cmTC_31b53.dir/CheckFunctionExists.c.o   -c /usr/share/cmake-3.10/Modules/CheckFunctionExists.c
Linking C executable cmTC_31b53
/usr/bin/cmake -E cmake_link_script CMakeFiles/cmTC_31b53.dir/link.txt --verbose=1
/usr/bin/cc  -DCHECK_FUNCTION_EXISTS=pthread_create    -rdynamic CMakeFiles/cmTC_31b53.dir/CheckFunctionExists.c.o  -o cmTC_31b53 -lpthreads 
/usr/bin/ld: cannot find -lpthreads
collect2: error: ld returned 1 exit status
CMakeFiles/cmTC_31b53.dir/build.make:97: recipe for target 'cmTC_31b53' failed
make[1]: *** [cmTC_31b53] Error 1
make[1]: Leaving directory '/home/abu/hrwros_ws/build/week4_moveit_config/CMakeFiles/CMakeTmp'
Makefile:126: recipe for target 'cmTC_31b53/fast' failed
make: *** [cmTC_31b53/fast] Error 2


