[  0%] Built target _hrwros_gazebo_generate_messages_check_deps_LogicalCameraImage
[  0%] Built target _hrwros_gazebo_generate_messages_check_deps_ConveyorBeltState
[  0%] Built target _hrwros_gazebo_generate_messages_check_deps_VacuumGripperControl
[  0%] Built target _hrwros_gazebo_generate_messages_check_deps_Model
[  0%] Built target _hrwros_gazebo_generate_messages_check_deps_VacuumGripperState
[  0%] Built target _hrwros_gazebo_generate_messages_check_deps_ConveyorBeltControl
[  0%] Built target _hrwros_gazebo_generate_messages_check_deps_Proximity
[  0%] Built target std_msgs_generate_messages_nodejs
[  0%] Built target geometry_msgs_generate_messages_nodejs
[  0%] Built target std_msgs_generate_messages_py
[  0%] Built target geometry_msgs_generate_messages_py
[  0%] Built target geometry_msgs_generate_messages_lisp
[  0%] Built target std_msgs_generate_messages_lisp
[  0%] Built target geometry_msgs_generate_messages_eus
[  0%] Built target std_msgs_generate_messages_eus
[  0%] Built target geometry_msgs_generate_messages_cpp
[  0%] Built target std_msgs_generate_messages_cpp
[  3%] Built target ProximityRayPlugin
[  6%] Built target SideContactPlugin
[  9%] Built target urdf_creator
[ 12%] Built target conveyor_spawner
[ 15%] Built target VacuumGripperPlugin
[ 26%] Built target hrwros_gazebo_generate_messages_nodejs
[ 40%] Built target hrwros_gazebo_generate_messages_py
[ 51%] Built target hrwros_gazebo_generate_messages_lisp
[ 62%] Built target hrwros_gazebo_generate_messages_cpp
[ 75%] Built target hrwros_gazebo_generate_messages_eus
[ 78%] Built target ObjectDisposalPlugin
[ 81%] Built target ConveyorBeltPlugin
[ 84%] Built target urdf_creator_test_node
[ 87%] Built target ROSVacuumGripperPlugin
[ 90%] Built target conveyor_spawner_node
[ 90%] Built target hrwros_gazebo_generate_messages
[ 93%] Built target ROSProximityRayPlugin
[ 96%] Built target ROSLogicalCameraPlugin
[100%] Built target ROSConveyorBeltPlugin
