[  0%] Built target _hrwros_gazebo_generate_messages_check_deps_LogicalCameraImage
[  0%] Built target _hrwros_gazebo_generate_messages_check_deps_ConveyorBeltState
[  0%] Built target _hrwros_gazebo_generate_messages_check_deps_VacuumGripperControl
[  0%] Built target _hrwros_gazebo_generate_messages_check_deps_Model
[  0%] Built target _hrwros_gazebo_generate_messages_check_deps_VacuumGripperState
[  0%] Built target _hrwros_gazebo_generate_messages_check_deps_Proximity
[  0%] Built target std_msgs_generate_messages_nodejs
[  0%] Built target _hrwros_gazebo_generate_messages_check_deps_ConveyorBeltControl
[  0%] Built target geometry_msgs_generate_messages_nodejs
[  0%] Built target std_msgs_generate_messages_py
[  0%] Built target geometry_msgs_generate_messages_py
[  0%] Built target geometry_msgs_generate_messages_lisp
[  0%] Built target std_msgs_generate_messages_lisp
[  0%] Built target geometry_msgs_generate_messages_eus
[  0%] Built target std_msgs_generate_messages_eus
[  0%] Built target geometry_msgs_generate_messages_cpp
[  0%] Built target std_msgs_generate_messages_cpp
[  6%] Built target ProximityRayPlugin
[  6%] Built target SideContactPlugin
[  9%] Built target urdf_creator
[ 12%] Built target VacuumGripperPlugin
[ 23%] Built target hrwros_gazebo_generate_messages_nodejs
[ 37%] Built target hrwros_gazebo_generate_messages_py
[ 48%] Built target hrwros_gazebo_generate_messages_lisp
[ 60%] Built target hrwros_gazebo_generate_messages_eus
[ 71%] Built target hrwros_gazebo_generate_messages_cpp
[ 75%] Built target ObjectDisposalPlugin
[ 78%] Built target ConveyorBeltPlugin
[ 81%] Built target urdf_creator_test_node
[ 81%] Built target hrwros_gazebo_generate_messages
[ 84%] Built target ROSVacuumGripperPlugin
[ 87%] Built target conveyor_spawner
[ 90%] Built target ROSProximityRayPlugin
[ 93%] Built target conveyor_spawner_node
[ 96%] Built target ROSConveyorBeltPlugin
[100%] Built target ROSLogicalCameraPlugin
