Determining if the pthread_create exist failed with the following output:
Change Dir: /home/abu/hrwros_ws/build/catkin_tools_prebuild/CMakeFiles/CMakeTmp

Run Build Command:"/usr/bin/make" "cmTC_122a1/fast"
/usr/bin/make -f CMakeFiles/cmTC_122a1.dir/build.make CMakeFiles/cmTC_122a1.dir/build
make[1]: Entering directory '/home/abu/hrwros_ws/build/catkin_tools_prebuild/CMakeFiles/CMakeTmp'
Building C object CMakeFiles/cmTC_122a1.dir/CheckSymbolExists.c.o
/usr/bin/cc    -o CMakeFiles/cmTC_122a1.dir/CheckSymbolExists.c.o   -c /home/abu/hrwros_ws/build/catkin_tools_prebuild/CMakeFiles/CMakeTmp/CheckSymbolExists.c
Linking C executable cmTC_122a1
/usr/bin/cmake -E cmake_link_script CMakeFiles/cmTC_122a1.dir/link.txt --verbose=1
/usr/bin/cc      -rdynamic CMakeFiles/cmTC_122a1.dir/CheckSymbolExists.c.o  -o cmTC_122a1 
CMakeFiles/cmTC_122a1.dir/CheckSymbolExists.c.o: In function `main':
CheckSymbolExists.c:(.text+0x1b): undefined reference to `pthread_create'
collect2: error: ld returned 1 exit status
CMakeFiles/cmTC_122a1.dir/build.make:97: recipe for target 'cmTC_122a1' failed
make[1]: *** [cmTC_122a1] Error 1
make[1]: Leaving directory '/home/abu/hrwros_ws/build/catkin_tools_prebuild/CMakeFiles/CMakeTmp'
Makefile:126: recipe for target 'cmTC_122a1/fast' failed
make: *** [cmTC_122a1/fast] Error 2

File /home/abu/hrwros_ws/build/catkin_tools_prebuild/CMakeFiles/CMakeTmp/CheckSymbolExists.c:
/* */
#include <pthread.h>

int main(int argc, char** argv)
{
  (void)argv;
#ifndef pthread_create
  return ((int*)(&pthread_create))[argc];
#else
  (void)argc;
  return 0;
#endif
}

Determining if the function pthread_create exists in the pthreads failed with the following output:
Change Dir: /home/abu/hrwros_ws/build/catkin_tools_prebuild/CMakeFiles/CMakeTmp

Run Build Command:"/usr/bin/make" "cmTC_4a847/fast"
/usr/bin/make -f CMakeFiles/cmTC_4a847.dir/build.make CMakeFiles/cmTC_4a847.dir/build
make[1]: Entering directory '/home/abu/hrwros_ws/build/catkin_tools_prebuild/CMakeFiles/CMakeTmp'
Building C object CMakeFiles/cmTC_4a847.dir/CheckFunctionExists.c.o
/usr/bin/cc   -DCHECK_FUNCTION_EXISTS=pthread_create   -o CMakeFiles/cmTC_4a847.dir/CheckFunctionExists.c.o   -c /usr/share/cmake-3.10/Modules/CheckFunctionExists.c
Linking C executable cmTC_4a847
/usr/bin/cmake -E cmake_link_script CMakeFiles/cmTC_4a847.dir/link.txt --verbose=1
/usr/bin/cc  -DCHECK_FUNCTION_EXISTS=pthread_create    -rdynamic CMakeFiles/cmTC_4a847.dir/CheckFunctionExists.c.o  -o cmTC_4a847 -lpthreads 
/usr/bin/ld: cannot find -lpthreads
collect2: error: ld returned 1 exit status
CMakeFiles/cmTC_4a847.dir/build.make:97: recipe for target 'cmTC_4a847' failed
make[1]: *** [cmTC_4a847] Error 1
make[1]: Leaving directory '/home/abu/hrwros_ws/build/catkin_tools_prebuild/CMakeFiles/CMakeTmp'
Makefile:126: recipe for target 'cmTC_4a847/fast' failed
make: *** [cmTC_4a847/fast] Error 2


