Determining if the pthread_create exist failed with the following output:
Change Dir: /home/abu/hrwros_ws/build/hrwros_factory_states/CMakeFiles/CMakeTmp

Run Build Command:"/usr/bin/make" "cmTC_eb3d4/fast"
/usr/bin/make -f CMakeFiles/cmTC_eb3d4.dir/build.make CMakeFiles/cmTC_eb3d4.dir/build
make[1]: Entering directory '/home/abu/hrwros_ws/build/hrwros_factory_states/CMakeFiles/CMakeTmp'
Building C object CMakeFiles/cmTC_eb3d4.dir/CheckSymbolExists.c.o
/usr/bin/cc    -o CMakeFiles/cmTC_eb3d4.dir/CheckSymbolExists.c.o   -c /home/abu/hrwros_ws/build/hrwros_factory_states/CMakeFiles/CMakeTmp/CheckSymbolExists.c
Linking C executable cmTC_eb3d4
/usr/bin/cmake -E cmake_link_script CMakeFiles/cmTC_eb3d4.dir/link.txt --verbose=1
/usr/bin/cc      -rdynamic CMakeFiles/cmTC_eb3d4.dir/CheckSymbolExists.c.o  -o cmTC_eb3d4 
CMakeFiles/cmTC_eb3d4.dir/CheckSymbolExists.c.o: In function `main':
CheckSymbolExists.c:(.text+0x1b): undefined reference to `pthread_create'
collect2: error: ld returned 1 exit status
CMakeFiles/cmTC_eb3d4.dir/build.make:97: recipe for target 'cmTC_eb3d4' failed
make[1]: *** [cmTC_eb3d4] Error 1
make[1]: Leaving directory '/home/abu/hrwros_ws/build/hrwros_factory_states/CMakeFiles/CMakeTmp'
Makefile:126: recipe for target 'cmTC_eb3d4/fast' failed
make: *** [cmTC_eb3d4/fast] Error 2

File /home/abu/hrwros_ws/build/hrwros_factory_states/CMakeFiles/CMakeTmp/CheckSymbolExists.c:
/* */
#include <pthread.h>

int main(int argc, char** argv)
{
  (void)argv;
#ifndef pthread_create
  return ((int*)(&pthread_create))[argc];
#else
  (void)argc;
  return 0;
#endif
}

Determining if the function pthread_create exists in the pthreads failed with the following output:
Change Dir: /home/abu/hrwros_ws/build/hrwros_factory_states/CMakeFiles/CMakeTmp

Run Build Command:"/usr/bin/make" "cmTC_56fbb/fast"
/usr/bin/make -f CMakeFiles/cmTC_56fbb.dir/build.make CMakeFiles/cmTC_56fbb.dir/build
make[1]: Entering directory '/home/abu/hrwros_ws/build/hrwros_factory_states/CMakeFiles/CMakeTmp'
Building C object CMakeFiles/cmTC_56fbb.dir/CheckFunctionExists.c.o
/usr/bin/cc   -DCHECK_FUNCTION_EXISTS=pthread_create   -o CMakeFiles/cmTC_56fbb.dir/CheckFunctionExists.c.o   -c /usr/share/cmake-3.10/Modules/CheckFunctionExists.c
Linking C executable cmTC_56fbb
/usr/bin/cmake -E cmake_link_script CMakeFiles/cmTC_56fbb.dir/link.txt --verbose=1
/usr/bin/cc  -DCHECK_FUNCTION_EXISTS=pthread_create    -rdynamic CMakeFiles/cmTC_56fbb.dir/CheckFunctionExists.c.o  -o cmTC_56fbb -lpthreads 
/usr/bin/ld: cannot find -lpthreads
collect2: error: ld returned 1 exit status
CMakeFiles/cmTC_56fbb.dir/build.make:97: recipe for target 'cmTC_56fbb' failed
make[1]: *** [cmTC_56fbb] Error 1
make[1]: Leaving directory '/home/abu/hrwros_ws/build/hrwros_factory_states/CMakeFiles/CMakeTmp'
Makefile:126: recipe for target 'cmTC_56fbb/fast' failed
make: *** [cmTC_56fbb/fast] Error 2


