Determining if the pthread_create exist failed with the following output:
Change Dir: /home/abu/hrwros_ws/build/hrwros_moveit_config/CMakeFiles/CMakeTmp

Run Build Command:"/usr/bin/make" "cmTC_c8b40/fast"
/usr/bin/make -f CMakeFiles/cmTC_c8b40.dir/build.make CMakeFiles/cmTC_c8b40.dir/build
make[1]: Entering directory '/home/abu/hrwros_ws/build/hrwros_moveit_config/CMakeFiles/CMakeTmp'
Building C object CMakeFiles/cmTC_c8b40.dir/CheckSymbolExists.c.o
/usr/bin/cc    -o CMakeFiles/cmTC_c8b40.dir/CheckSymbolExists.c.o   -c /home/abu/hrwros_ws/build/hrwros_moveit_config/CMakeFiles/CMakeTmp/CheckSymbolExists.c
Linking C executable cmTC_c8b40
/usr/bin/cmake -E cmake_link_script CMakeFiles/cmTC_c8b40.dir/link.txt --verbose=1
/usr/bin/cc      -rdynamic CMakeFiles/cmTC_c8b40.dir/CheckSymbolExists.c.o  -o cmTC_c8b40 
CMakeFiles/cmTC_c8b40.dir/CheckSymbolExists.c.o: In function `main':
CheckSymbolExists.c:(.text+0x1b): undefined reference to `pthread_create'
collect2: error: ld returned 1 exit status
CMakeFiles/cmTC_c8b40.dir/build.make:97: recipe for target 'cmTC_c8b40' failed
make[1]: *** [cmTC_c8b40] Error 1
make[1]: Leaving directory '/home/abu/hrwros_ws/build/hrwros_moveit_config/CMakeFiles/CMakeTmp'
Makefile:126: recipe for target 'cmTC_c8b40/fast' failed
make: *** [cmTC_c8b40/fast] Error 2

File /home/abu/hrwros_ws/build/hrwros_moveit_config/CMakeFiles/CMakeTmp/CheckSymbolExists.c:
/* */
#include <pthread.h>

int main(int argc, char** argv)
{
  (void)argv;
#ifndef pthread_create
  return ((int*)(&pthread_create))[argc];
#else
  (void)argc;
  return 0;
#endif
}

Determining if the function pthread_create exists in the pthreads failed with the following output:
Change Dir: /home/abu/hrwros_ws/build/hrwros_moveit_config/CMakeFiles/CMakeTmp

Run Build Command:"/usr/bin/make" "cmTC_8a019/fast"
/usr/bin/make -f CMakeFiles/cmTC_8a019.dir/build.make CMakeFiles/cmTC_8a019.dir/build
make[1]: Entering directory '/home/abu/hrwros_ws/build/hrwros_moveit_config/CMakeFiles/CMakeTmp'
Building C object CMakeFiles/cmTC_8a019.dir/CheckFunctionExists.c.o
/usr/bin/cc   -DCHECK_FUNCTION_EXISTS=pthread_create   -o CMakeFiles/cmTC_8a019.dir/CheckFunctionExists.c.o   -c /usr/share/cmake-3.10/Modules/CheckFunctionExists.c
Linking C executable cmTC_8a019
/usr/bin/cmake -E cmake_link_script CMakeFiles/cmTC_8a019.dir/link.txt --verbose=1
/usr/bin/cc  -DCHECK_FUNCTION_EXISTS=pthread_create    -rdynamic CMakeFiles/cmTC_8a019.dir/CheckFunctionExists.c.o  -o cmTC_8a019 -lpthreads 
/usr/bin/ld: cannot find -lpthreads
collect2: error: ld returned 1 exit status
CMakeFiles/cmTC_8a019.dir/build.make:97: recipe for target 'cmTC_8a019' failed
make[1]: *** [cmTC_8a019] Error 1
make[1]: Leaving directory '/home/abu/hrwros_ws/build/hrwros_moveit_config/CMakeFiles/CMakeTmp'
Makefile:126: recipe for target 'cmTC_8a019/fast' failed
make: *** [cmTC_8a019/fast] Error 2


