Determining if the pthread_create exist failed with the following output:
Change Dir: /home/abu/hrwros_ws/build/flexbe_behaviors/CMakeFiles/CMakeTmp

Run Build Command:"/usr/bin/make" "cmTC_39ca4/fast"
/usr/bin/make -f CMakeFiles/cmTC_39ca4.dir/build.make CMakeFiles/cmTC_39ca4.dir/build
make[1]: Entering directory '/home/abu/hrwros_ws/build/flexbe_behaviors/CMakeFiles/CMakeTmp'
Building C object CMakeFiles/cmTC_39ca4.dir/CheckSymbolExists.c.o
/usr/bin/cc    -o CMakeFiles/cmTC_39ca4.dir/CheckSymbolExists.c.o   -c /home/abu/hrwros_ws/build/flexbe_behaviors/CMakeFiles/CMakeTmp/CheckSymbolExists.c
Linking C executable cmTC_39ca4
/usr/bin/cmake -E cmake_link_script CMakeFiles/cmTC_39ca4.dir/link.txt --verbose=1
/usr/bin/cc      -rdynamic CMakeFiles/cmTC_39ca4.dir/CheckSymbolExists.c.o  -o cmTC_39ca4 
CMakeFiles/cmTC_39ca4.dir/CheckSymbolExists.c.o: In function `main':
CheckSymbolExists.c:(.text+0x1b): undefined reference to `pthread_create'
collect2: error: ld returned 1 exit status
CMakeFiles/cmTC_39ca4.dir/build.make:97: recipe for target 'cmTC_39ca4' failed
make[1]: *** [cmTC_39ca4] Error 1
make[1]: Leaving directory '/home/abu/hrwros_ws/build/flexbe_behaviors/CMakeFiles/CMakeTmp'
Makefile:126: recipe for target 'cmTC_39ca4/fast' failed
make: *** [cmTC_39ca4/fast] Error 2

File /home/abu/hrwros_ws/build/flexbe_behaviors/CMakeFiles/CMakeTmp/CheckSymbolExists.c:
/* */
#include <pthread.h>

int main(int argc, char** argv)
{
  (void)argv;
#ifndef pthread_create
  return ((int*)(&pthread_create))[argc];
#else
  (void)argc;
  return 0;
#endif
}

Determining if the function pthread_create exists in the pthreads failed with the following output:
Change Dir: /home/abu/hrwros_ws/build/flexbe_behaviors/CMakeFiles/CMakeTmp

Run Build Command:"/usr/bin/make" "cmTC_9031e/fast"
/usr/bin/make -f CMakeFiles/cmTC_9031e.dir/build.make CMakeFiles/cmTC_9031e.dir/build
make[1]: Entering directory '/home/abu/hrwros_ws/build/flexbe_behaviors/CMakeFiles/CMakeTmp'
Building C object CMakeFiles/cmTC_9031e.dir/CheckFunctionExists.c.o
/usr/bin/cc   -DCHECK_FUNCTION_EXISTS=pthread_create   -o CMakeFiles/cmTC_9031e.dir/CheckFunctionExists.c.o   -c /usr/share/cmake-3.10/Modules/CheckFunctionExists.c
Linking C executable cmTC_9031e
/usr/bin/cmake -E cmake_link_script CMakeFiles/cmTC_9031e.dir/link.txt --verbose=1
/usr/bin/cc  -DCHECK_FUNCTION_EXISTS=pthread_create    -rdynamic CMakeFiles/cmTC_9031e.dir/CheckFunctionExists.c.o  -o cmTC_9031e -lpthreads 
/usr/bin/ld: cannot find -lpthreads
collect2: error: ld returned 1 exit status
CMakeFiles/cmTC_9031e.dir/build.make:97: recipe for target 'cmTC_9031e' failed
make[1]: *** [cmTC_9031e] Error 1
make[1]: Leaving directory '/home/abu/hrwros_ws/build/flexbe_behaviors/CMakeFiles/CMakeTmp'
Makefile:126: recipe for target 'cmTC_9031e/fast' failed
make: *** [cmTC_9031e/fast] Error 2


